[    0.000000] Linux version 4.10.0-42-generic (buildd@lgw01-amd64-012) (gcc version 6.3.0 20170406 (Ubuntu 6.3.0-12ubuntu2) ) #46-Ubuntu SMP Mon Dec 4 14:38:01 UTC 2017 (Ubuntu 4.10.0-42.46-generic 4.10.17)
[    0.000000] Command line: BOOT_IMAGE=/boot/vmlinuz-4.10.0-42-generic root=LABEL=cloudimg-rootfs ro console=tty1 console=ttyS0
[    0.000000] KERNEL supported cpus:
[    0.000000]   Intel GenuineIntel
[    0.000000]   AMD AuthenticAMD
[    0.000000]   Centaur CentaurHauls
[    0.000000] x86/fpu: Supporting XSAVE feature 0x001: 'x87 floating point registers'
[    0.000000] x86/fpu: Supporting XSAVE feature 0x002: 'SSE registers'
[    0.000000] x86/fpu: Supporting XSAVE feature 0x004: 'AVX registers'
[    0.000000] x86/fpu: xstate_offset[2]:  576, xstate_sizes[2]:  256
[    0.000000] x86/fpu: Enabled xstate features 0x7, context size is 832 bytes, using 'standard' format.
[    0.000000] e820: BIOS-provided physical RAM map:
[    0.000000] BIOS-e820: [mem 0x0000000000000000-0x000000000009fbff] usable
[    0.000000] BIOS-e820: [mem 0x000000000009fc00-0x000000000009ffff] reserved
[    0.000000] BIOS-e820: [mem 0x00000000000f0000-0x00000000000fffff] reserved
[    0.000000] BIOS-e820: [mem 0x0000000000100000-0x000000003ffeffff] usable
[    0.000000] BIOS-e820: [mem 0x000000003fff0000-0x000000003fffffff] ACPI data
[    0.000000] BIOS-e820: [mem 0x00000000fec00000-0x00000000fec00fff] reserved
[    0.000000] BIOS-e820: [mem 0x00000000fee00000-0x00000000fee00fff] reserved
[    0.000000] BIOS-e820: [mem 0x00000000fffc0000-0x00000000ffffffff] reserved
[    0.000000] NX (Execute Disable) protection: active
[    0.000000] SMBIOS 2.5 present.
[    0.000000] DMI: innotek GmbH VirtualBox/VirtualBox, BIOS VirtualBox 12/01/2006
[    0.000000] Hypervisor detected: KVM
[    0.000000] e820: last_pfn = 0x3fff0 max_arch_pfn = 0x400000000
[    0.000000] MTRR: Disabled
[    0.000000] x86/PAT: MTRRs disabled, skipping PAT initialization too.
[    0.000000] x86/PAT: Configuration [0-7]: WB  WT  UC- UC  WB  WT  UC- UC  
[    0.000000] CPU MTRRs all blank - virtualized system.
[    0.000000] found SMP MP-table at [mem 0x0009fff0-0x0009ffff] mapped at [ffff9e628009fff0]
[    0.000000] Scanning 1 areas for low memory corruption
[    0.000000] RAMDISK: [mem 0x36969000-0x374abfff]
[    0.000000] ACPI: Early table checksum verification disabled
[    0.000000] ACPI: RSDP 0x00000000000E0000 000024 (v02 VBOX  )
[    0.000000] ACPI: XSDT 0x000000003FFF0030 00003C (v01 VBOX   VBOXXSDT 00000001 ASL  00000061)
[    0.000000] ACPI: FACP 0x000000003FFF00F0 0000F4 (v04 VBOX   VBOXFACP 00000001 ASL  00000061)
[    0.000000] ACPI: DSDT 0x000000003FFF0470 0021FF (v02 VBOX   VBOXBIOS 00000002 INTL 20160108)
[    0.000000] ACPI: FACS 0x000000003FFF0200 000040
[    0.000000] ACPI: FACS 0x000000003FFF0200 000040
[    0.000000] ACPI: APIC 0x000000003FFF0240 00005C (v02 VBOX   VBOXAPIC 00000001 ASL  00000061)
[    0.000000] ACPI: SSDT 0x000000003FFF02A0 0001CC (v01 VBOX   VBOXCPUT 00000002 INTL 20160108)
[    0.000000] No NUMA configuration found
[    0.000000] Faking a node at [mem 0x0000000000000000-0x000000003ffeffff]
[    0.000000] NODE_DATA(0) allocated [mem 0x3ffc5000-0x3ffeffff]
[    0.000000] kvm-clock: Using msrs 4b564d01 and 4b564d00
[    0.000000] kvm-clock: cpu 0, msr 0:3ff45001, primary cpu clock
[    0.000000] kvm-clock: using sched offset of 4064676517 cycles
[    0.000000] clocksource: kvm-clock: mask: 0xffffffffffffffff max_cycles: 0x1cd42e4dffb, max_idle_ns: 881590591483 ns
[    0.000000] Zone ranges:
[    0.000000]   DMA      [mem 0x0000000000001000-0x0000000000ffffff]
[    0.000000]   DMA32    [mem 0x0000000001000000-0x000000003ffeffff]
[    0.000000]   Normal   empty
[    0.000000]   Device   empty
[    0.000000] Movable zone start for each node
[    0.000000] Early memory node ranges
[    0.000000]   node   0: [mem 0x0000000000001000-0x000000000009efff]
[    0.000000]   node   0: [mem 0x0000000000100000-0x000000003ffeffff]
[    0.000000] Initmem setup node 0 [mem 0x0000000000001000-0x000000003ffeffff]
[    0.000000] ACPI: PM-Timer IO Port: 0x4008
[    0.000000] IOAPIC[0]: apic_id 2, version 32, address 0xfec00000, GSI 0-23
[    0.000000] ACPI: INT_SRC_OVR (bus 0 bus_irq 0 global_irq 2 dfl dfl)
[    0.000000] ACPI: INT_SRC_OVR (bus 0 bus_irq 9 global_irq 9 low level)
[    0.000000] Using ACPI (MADT) for SMP configuration information
[    0.000000] smpboot: Allowing 2 CPUs, 0 hotplug CPUs
[    0.000000] PM: Registered nosave memory: [mem 0x00000000-0x00000fff]
[    0.000000] PM: Registered nosave memory: [mem 0x0009f000-0x0009ffff]
[    0.000000] PM: Registered nosave memory: [mem 0x000a0000-0x000effff]
[    0.000000] PM: Registered nosave memory: [mem 0x000f0000-0x000fffff]
[    0.000000] e820: [mem 0x40000000-0xfebfffff] available for PCI devices
[    0.000000] Booting paravirtualized kernel on KVM
[    0.000000] clocksource: refined-jiffies: mask: 0xffffffff max_cycles: 0xffffffff, max_idle_ns: 7645519600211568 ns
[    0.000000] setup_percpu: NR_CPUS:8192 nr_cpumask_bits:2 nr_cpu_ids:2 nr_node_ids:1
[    0.000000] percpu: Embedded 36 pages/cpu @ffff9e62bfc00000 s107992 r8192 d31272 u1048576
[    0.000000] PV qspinlock hash table entries: 256 (order: 0, 4096 bytes)
[    0.000000] Built 1 zonelists in Node order, mobility grouping on.  Total pages: 257913
[    0.000000] Policy zone: DMA32
[    0.000000] Kernel command line: BOOT_IMAGE=/boot/vmlinuz-4.10.0-42-generic root=LABEL=cloudimg-rootfs ro console=tty1 console=ttyS0
[    0.000000] PID hash table entries: 4096 (order: 3, 32768 bytes)
[    0.000000] Memory: 998384K/1048120K available (9093K kernel code, 1667K rwdata, 3820K rodata, 2236K init, 2364K bss, 49736K reserved, 0K cma-reserved)
[    0.000000] SLUB: HWalign=64, Order=0-3, MinObjects=0, CPUs=2, Nodes=1
[    0.000000] Hierarchical RCU implementation.
[    0.000000] 	Build-time adjustment of leaf fanout to 64.
[    0.000000] 	RCU restricting CPUs from NR_CPUS=8192 to nr_cpu_ids=2.
[    0.000000] RCU: Adjusting geometry for rcu_fanout_leaf=64, nr_cpu_ids=2
[    0.000000] NR_IRQS:524544 nr_irqs:440 16
[    0.000000] Console: colour VGA+ 80x25
[    0.000000] console [tty1] enabled
[    0.000000] console [ttyS0] enabled
[    0.000000] tsc: Detected 2195.012 MHz processor
[    1.112300] Calibrating delay loop (skipped) preset value.. 4390.02 BogoMIPS (lpj=8780048)
[    1.115922] pid_max: default: 32768 minimum: 301
[    1.117950] ACPI: Core revision 20160930
[    1.121939] ACPI: 2 ACPI AML tables successfully acquired and loaded
[    1.124647] Security Framework initialized
[    1.126528] Yama: becoming mindful.
[    1.131257] AppArmor: AppArmor initialized
[    1.133279] Dentry cache hash table entries: 131072 (order: 8, 1048576 bytes)
[    1.136694] Inode-cache hash table entries: 65536 (order: 7, 524288 bytes)
[    1.140679] Mount-cache hash table entries: 2048 (order: 2, 16384 bytes)
[    1.143379] Mountpoint-cache hash table entries: 2048 (order: 2, 16384 bytes)
[    1.146687] CPU: Physical Processor ID: 0
[    1.148547] CPU: Processor Core ID: 0
[    1.150387] mce: CPU supports 0 MCE banks
[    1.152270] Last level iTLB entries: 4KB 512, 2MB 8, 4MB 8
[    1.154569] Last level dTLB entries: 4KB 512, 2MB 32, 4MB 32, 1GB 0
[    1.157353] Freeing SMP alternatives memory: 36K
[    1.161728] ftrace: allocating 34200 entries in 134 pages
[    1.194936] smpboot: Max logical packages: 1
[    1.201187] x2apic enabled
[    1.203240] Switched APIC routing to physical x2apic.
[    1.208008] ..TIMER: vector=0x30 apic1=0 pin1=2 apic2=-1 pin2=-1
[    1.318744] smpboot: CPU0: Intel(R) Core(TM) i7-3632QM CPU @ 2.20GHz (family: 0x6, model: 0x3a, stepping: 0x9)
[    1.322947] Performance Events: unsupported p6 CPU model 58 no PMU driver, software events only.
[    1.327864] KVM setup paravirtual spinlock
[    1.331226] smp: Bringing up secondary CPUs ...
[    1.333410] x86: Booting SMP configuration:
[    1.335364] .... node  #0, CPUs:      #1
[    1.335822] kvm-clock: cpu 1, msr 0:3ff45041, secondary cpu clock
[    1.338434] mce: CPU supports 0 MCE banks
[    1.341635] smp: Brought up 1 node, 2 CPUs
[    1.344638] smpboot: Total of 2 processors activated (8780.04 BogoMIPS)
[    1.348251] devtmpfs: initialized
[    1.349982] x86/mm: Memory block size: 128MB
[    1.355998] evm: security.selinux
[    1.357615] evm: security.SMACK64
[    1.359304] evm: security.SMACK64EXEC
[    1.360998] evm: security.SMACK64TRANSMUTE
[    1.362832] evm: security.SMACK64MMAP
[    1.364538] evm: security.ima
[    1.366020] evm: security.capability
[    1.369208] clocksource: jiffies: mask: 0xffffffff max_cycles: 0xffffffff, max_idle_ns: 7645041785100000 ns
[    1.373340] futex hash table entries: 512 (order: 3, 32768 bytes)
[    1.376009] pinctrl core: initialized pinctrl subsystem
[    1.378424] RTC time:  6:03:47, date: 02/01/18
[    1.380777] NET: Registered protocol family 16
[    1.394886] cpuidle: using governor ladder
[    1.406316] cpuidle: using governor menu
[    1.408153] PCCT header not found.
[    1.409848] ACPI: bus type PCI registered
[    1.411733] acpiphp: ACPI Hot Plug PCI Controller Driver version: 0.5
[    1.414493] PCI: Using configuration type 1 for base access
[    1.431517] HugeTLB registered 2 MB page size, pre-allocated 0 pages
[    1.435295] ACPI: Added _OSI(Module Device)
[    1.437163] ACPI: Added _OSI(Processor Device)
[    1.439158] ACPI: Added _OSI(3.0 _SCP Extensions)
[    1.441185] ACPI: Added _OSI(Processor Aggregator Device)
[    1.443990] ACPI: Executed 1 blocks of module-level executable AML code
[    1.451706] ACPI: Interpreter enabled
[    1.453438] ACPI: (supports S0 S5)
[    1.455125] ACPI: Using IOAPIC for interrupt routing
[    1.457623] PCI: Using host bridge windows from ACPI; if necessary, use "pci=nocrs" and report a bug
[    1.469932] ACPI: PCI Root Bridge [PCI0] (domain 0000 [bus 00-ff])
[    1.472458] acpi PNP0A03:00: _OSC: OS supports [ASPM ClockPM Segments MSI]
[    1.475254] acpi PNP0A03:00: _OSC: not requesting OS control; OS requires [ExtendedConfig ASPM ClockPM MSI]
[    1.479255] acpi PNP0A03:00: fail to add MMCONFIG information, can't access extended PCI configuration space under this bridge.
[    1.484528] PCI host bridge to bus 0000:00
[    1.486362] pci_bus 0000:00: root bus resource [io  0x0000-0x0cf7 window]
[    1.489090] pci_bus 0000:00: root bus resource [io  0x0d00-0xffff window]
[    1.491823] pci_bus 0000:00: root bus resource [mem 0x000a0000-0x000bffff window]
[    1.495128] pci_bus 0000:00: root bus resource [mem 0x40000000-0xfdffffff window]
[    1.498438] pci_bus 0000:00: root bus resource [bus 00-ff]
[    1.504291] pci 0000:00:01.1: legacy IDE quirk: reg 0x10: [io  0x01f0-0x01f7]
[    1.507035] pci 0000:00:01.1: legacy IDE quirk: reg 0x14: [io  0x03f6]
[    1.509599] pci 0000:00:01.1: legacy IDE quirk: reg 0x18: [io  0x0170-0x0177]
[    1.512401] pci 0000:00:01.1: legacy IDE quirk: reg 0x1c: [io  0x0376]
[    1.551417] pci 0000:00:07.0: quirk: [io  0x4000-0x403f] claimed by PIIX4 ACPI
[    1.556742] pci 0000:00:07.0: quirk: [io  0x4100-0x410f] claimed by PIIX4 SMB
[    1.571872] ACPI: PCI Interrupt Link [LNKA] (IRQs 5 9 10 *11)
[    1.576315] ACPI: PCI Interrupt Link [LNKB] (IRQs 5 9 *10 11)
[    1.578896] ACPI: PCI Interrupt Link [LNKC] (IRQs 5 *9 10 11)
[    1.581418] ACPI: PCI Interrupt Link [LNKD] (IRQs 5 9 10 *11)
[    1.584310] ACPI: Enabled 2 GPEs in block 00 to 07
[    1.587071] SCSI subsystem initialized
[    1.589382] pci 0000:00:02.0: vgaarb: setting as boot VGA device
[    1.591925] pci 0000:00:02.0: vgaarb: VGA device added: decodes=io+mem,owns=io+mem,locks=none
[    1.595645] pci 0000:00:02.0: vgaarb: bridge control possible
[    1.597976] vgaarb: loaded
[    1.622574] ACPI: bus type USB registered
[    1.624544] usbcore: registered new interface driver usbfs
[    1.626829] usbcore: registered new interface driver hub
[    1.629077] usbcore: registered new device driver usb
[    1.632044] PCI: Using ACPI for IRQ routing
[    1.634561] NetLabel: Initializing
[    1.636264] NetLabel:  domain hash size = 128
[    1.638166] NetLabel:  protocols = UNLABELED CIPSOv4 CALIPSO
[    1.644015] NetLabel:  unlabeled traffic allowed by default
[    1.646996] clocksource: Switched to clocksource kvm-clock
[    1.668067] VFS: Disk quotas dquot_6.6.0
[    1.671173] VFS: Dquot-cache hash table entries: 512 (order 0, 4096 bytes)
[    1.674052] AppArmor: AppArmor Filesystem Enabled
[    1.676233] pnp: PnP ACPI init
[    1.679588] pnp: PnP ACPI: found 3 devices
[    1.699925] clocksource: acpi_pm: mask: 0xffffff max_cycles: 0xffffff, max_idle_ns: 2085701024 ns
[    1.703794] NET: Registered protocol family 2
[    1.706235] TCP established hash table entries: 8192 (order: 4, 65536 bytes)
[    1.709065] TCP bind hash table entries: 8192 (order: 5, 131072 bytes)
[    1.711658] TCP: Hash tables configured (established 8192 bind 8192)
[    1.715280] UDP hash table entries: 512 (order: 2, 16384 bytes)
[    1.717679] UDP-Lite hash table entries: 512 (order: 2, 16384 bytes)
[    1.720299] NET: Registered protocol family 1
[    1.722228] pci 0000:00:00.0: Limiting direct PCI/PCI transfers
[    1.724715] pci 0000:00:01.0: Activating ISA DMA hang workarounds
[    1.727259] pci 0000:00:02.0: Video device with shadowed ROM at [mem 0x000c0000-0x000dffff]
[    1.732878] Unpacking initramfs...
[    6.405698] Freeing initrd memory: 11532K
[    6.410843] platform rtc_cmos: registered platform RTC device (no PNP device found)
[    6.415690] Scanning for low memory corruption every 60 seconds
[    6.420157] audit: initializing netlink subsys (disabled)
[    6.426288] audit: type=2000 audit(1517465036.663:1): initialized
[    6.426951] Initialise system trusted keyrings
[    6.427263] workingset: timestamp_bits=36 max_order=18 bucket_order=0
[    6.431532] zbud: loaded
[    6.432730] squashfs: version 4.0 (2009/01/31) Phillip Lougher
[    6.433257] fuse init (API version 7.26)
[    6.436063] Key type asymmetric registered
[    6.436067] Asymmetric key parser 'x509' registered
[    6.436143] Block layer SCSI generic (bsg) driver version 0.4 loaded (major 248)
[    6.436218] io scheduler noop registered
[    6.436219] io scheduler deadline registered
[    6.436256] io scheduler cfq registered (default)
[    6.471925] ACPI: AC Adapter [AC] (on-line)
[    6.473961] input: Power Button as /devices/LNXSYSTM:00/LNXPWRBN:00/input/input0
[    6.477405] ACPI: Power Button [PWRF]
[    6.479334] input: Sleep Button as /devices/LNXSYSTM:00/LNXSLPBN:00/input/input1
[    6.482652] ACPI: Sleep Button [SLPF]
[    6.486396] ACPI: Battery Slot [BAT0] (battery present)
[    6.488815] GHES: HEST is not enabled!
[    6.490885] Serial: 8250/16550 driver, 32 ports, IRQ sharing enabled
[    6.518225] 00:02: ttyS0 at I/O 0x3f8 (irq = 4, base_baud = 115200) is a 16550A
[    6.524518] Linux agpgart interface v0.103
[    6.530810] loop: module loaded
[    6.533785] scsi host0: ata_piix
[    6.535799] scsi host1: ata_piix
[    6.537495] ata1: PATA max UDMA/33 cmd 0x1f0 ctl 0x3f6 bmdma 0xd000 irq 14
[    6.540278] ata2: PATA max UDMA/33 cmd 0x170 ctl 0x376 bmdma 0xd008 irq 15
[    6.543256] libphy: Fixed MDIO Bus: probed
[    6.564925] tun: Universal TUN/TAP device driver, 1.6
[    6.567061] tun: (C) 1999-2004 Max Krasnyansky <maxk@qualcomm.com>
[    7.194611] PPP generic driver version 2.4.2
[    7.433581] tsc: Refined TSC clocksource calibration: 2193.997 MHz
[    7.433594] clocksource: tsc: mask: 0xffffffffffffffff max_cycles: 0x1fa00be1b33, max_idle_ns: 440795205627 ns
[    7.570064] ehci_hcd: USB 2.0 'Enhanced' Host Controller (EHCI) Driver
[    7.572762] ehci-pci: EHCI PCI platform driver
[    7.574773] ehci-platform: EHCI generic platform driver
[    7.609712] ohci_hcd: USB 1.1 'Open' Host Controller (OHCI) Driver
[    7.612259] ohci-pci: OHCI PCI platform driver
[    7.614259] ohci-platform: OHCI generic platform driver
[    7.616576] uhci_hcd: USB Universal Host Controller Interface driver
[    7.625193] i8042: PNP: PS/2 Controller [PNP0303:PS2K,PNP0f03:PS2M] at 0x60,0x64 irq 1,12
[    7.629838] serio: i8042 KBD port at 0x60,0x64 irq 1
[    7.632008] serio: i8042 AUX port at 0x60,0x64 irq 12
[    7.640649] mousedev: PS/2 mouse device common for all mice
[    7.644136] rtc_cmos rtc_cmos: rtc core: registered rtc_cmos as rtc0
[    7.646880] input: AT Translated Set 2 keyboard as /devices/platform/i8042/serio0/input/input2
[    7.650982] rtc_cmos rtc_cmos: alarms up to one day, 114 bytes nvram
[    7.653660] i2c /dev entries driver
[    7.655518] device-mapper: uevent: version 1.0.3
[    7.657831] device-mapper: ioctl: 4.35.0-ioctl (2016-06-23) initialised: dm-devel@redhat.com
[    7.661685] ledtrig-cpu: registered to indicate activity on CPUs
[    7.666138] NET: Registered protocol family 10
[    7.677470] Segment Routing with IPv6
[    7.679287] NET: Registered protocol family 17
[    7.681347] Key type dns_resolver registered
[    7.684080] registered taskstats version 1
[    7.685989] Loading compiled-in X.509 certificates
[    7.694242] Loaded X.509 cert 'Build time autogenerated kernel key: 7f994913c12d3608776ecc50b4bf450a699b2ced'
[    7.698521] zswap: loaded using pool lzo/zbud
[    7.723911] Key type big_key registered
[    7.725723] Key type trusted registered
[    7.731595] Key type encrypted registered
[    7.733467] AppArmor: AppArmor sha1 policy hashing enabled
[    7.735771] ima: No TPM chip found, activating TPM-bypass! (rc=-19)
[    7.738441] evm: HMAC attrs: 0x1
[    7.740557]   Magic number: 6:196:63
[    7.742501] rtc_cmos rtc_cmos: setting system clock to 2018-02-01 06:03:53 UTC (1517465033)
[    7.746613] BIOS EDD facility v0.16 2004-Jun-25, 0 devices found
[    7.749185] EDD information not available.
[    7.755336] Freeing unused kernel memory: 2236K
[    7.757316] Write protecting the kernel read-only data: 14336k
[    7.760857] Freeing unused kernel memory: 1132K
[    7.765791] Freeing unused kernel memory: 276K
[    7.782548] x86/mm: Checked W+X mappings: passed, no W+X pages found.
Loading, please wait...
starting version 232
[    7.814687] random: systemd-udevd: uninitialized urandom read (16 bytes read)
[    7.816209] random: udevadm: uninitialized urandom read (16 bytes read)
[    7.816273] random: udevadm: uninitialized urandom read (16 bytes read)
[    7.823046] random: systemd-udevd: uninitialized urandom read (16 bytes read)
[    7.825943] random: systemd-udevd: uninitialized urandom read (16 bytes read)
[    7.828844] random: systemd-udevd: uninitialized urandom read (16 bytes read)
[    7.833831] random: systemd-udevd: uninitialized urandom read (16 bytes read)
[    7.836919] random: systemd-udevd: uninitialized urandom read (16 bytes read)
[    7.839448] random: udevadm: uninitialized urandom read (16 bytes read)
[    7.839519] random: udevadm: uninitialized urandom read (16 bytes read)
[    7.934554] e1000: Intel(R) PRO/1000 Network Driver - version 7.3.21-k8-NAPI
[    8.254607] e1000: Copyright (c) 1999-2006 Intel Corporation.
[    8.516718] Fusion MPT base driver 3.04.20
[    8.625316] Copyright (c) 1999-2008 LSI Corporation
[    8.766176] Fusion MPT SPI Host driver 3.04.20
[    8.828825] AVX version of gcm_enc/dec engaged.
[    8.833887] AES CTR mode by8 optimization enabled
[    8.973180] input: ImExPS/2 Generic Explorer Mouse as /devices/platform/i8042/serio1/input/input4
[    9.216947] e1000 0000:00:03.0 eth0: (PCI:33MHz:32-bit) 02:f2:d5:cb:ed:dc
[    9.554592] e1000 0000:00:03.0 eth0: Intel(R) PRO/1000 Network Connection
[    9.907703] mptbase: ioc0: Initiating bringup
[    9.908616] e1000 0000:00:03.0 enp0s3: renamed from eth0
[   10.024037] ioc0: LSI53C1030 A0: Capabilities={Initiator}
[   10.746346] scsi host2: ioc0: LSI53C1030 A0, FwRev=00000000h, Ports=1, MaxQ=256, IRQ=20
[   11.124517] scsi 2:0:0:0: Direct-Access     VBOX     HARDDISK         1.0  PQ: 0 ANSI: 5
[   11.915339] floppy0: no floppy controllers found
[   11.915358] scsi target2:0:0: Beginning Domain Validation
[   11.928428] scsi target2:0:0: Domain Validation skipping write tests
[   11.930995] scsi target2:0:0: Ending Domain Validation
[   11.933510] scsi target2:0:0: asynchronous
[   11.952082] scsi 2:0:1:0: Direct-Access     VBOX     HARDDISK         1.0  PQ: 0 ANSI: 5
[   11.962471] scsi target2:0:1: Beginning Domain Validation
[   11.968706] scsi target2:0:1: Domain Validation skipping write tests
[   12.008361] scsi target2:0:1: Ending Domain Validation
[   12.013229] scsi target2:0:1: asynchronous
[   12.041328] random: fast init done
[   12.050281] sd 2:0:0:0: Attached scsi generic sg0 type 0
[   12.115923] sd 2:0:0:0: [sda] 20971520 512-byte logical blocks: (10.7 GB/10.0 GiB)
[   12.186493] sd 2:0:0:0: [sda] Write Protect is off
[   12.187143] sd 2:0:1:0: [sdb] 20480 512-byte logical blocks: (10.5 MB/10.0 MiB)
[   12.187299] sd 2:0:1:0: [sdb] Write Protect is off
[   12.187542] sd 2:0:1:0: [sdb] Incomplete mode parameter data
[   12.187545] sd 2:0:1:0: [sdb] Assuming drive cache: write through
[   12.192394] sd 2:0:1:0: Attached scsi generic sg1 type 0
[   12.228470] sd 2:0:0:0: [sda] Incomplete mode parameter data
[   12.230808] sd 2:0:0:0: [sda] Assuming drive cache: write through
[   12.249063] sd 2:0:1:0: [sdb] Attached SCSI disk
[   12.271935]  sda: sda1
[   12.457774] sd 2:0:0:0: [sda] Attached SCSI disk
Begin: Loading essential drivers ... [   14.893628] raid6: sse2x1   gen()  3297 MB/s
[   15.415359] raid6: sse2x1   xor()  2353 MB/s
[   15.632092] raid6: sse2x2   gen()  3299 MB/s
[   15.693597] raid6: sse2x2   xor()  2975 MB/s
[   15.775960] raid6: sse2x4   gen()  4599 MB/s
[   16.148625] raid6: sse2x4   xor()  3523 MB/s
[   16.594440] raid6: using algorithm sse2x4 gen() 4599 MB/s
[   16.804641] raid6: .... xor() 3523 MB/s, rmw enabled
[   17.254484] raid6: using ssse3x2 recovery algorithm
[   17.808119] xor: automatically using best checksumming function   avx       
[   17.898194] async_tx: api initialized (async)
done.
Begin: Running /scripts/init-premount ... done.
Begin: Mounting root file system ... Begin: Running /scripts/local-top ... done.
Begin: Running /scripts/local-premount ... [   17.995721] Btrfs loaded, crc32c=crc32c-intel
Scanning for Btrfs filesystems
done.
Warning: fsck no[   18.475635] EXT4-fs (sda1): INFO: recovery required on readonly filesystem
t present, so skipping root file system
[   18.527551] EXT4-fs (sda1): write access will be enabled during recovery
[   18.864792] EXT4-fs (sda1): recovery complete
[   19.043726] EXT4-fs (sda1): mounted filesystem with ordered data mode. Opts: (null)
done.
Begin: Running /scripts/local-bottom ... done.
Begin: Running /scripts/init-bottom ... /scripts/init-bottom/plymouth: line 18: /bin/plymouth: not found
done.
[   20.581426] ip_tables: (C) 2000-2006 Netfilter Core Team
[   21.250836] systemd[1]: systemd 232 running in system mode. (+PAM +AUDIT +SELINUX +IMA +APPARMOR +SMACK +SYSVINIT +UTMP +LIBCRYPTSETUP +GCRYPT +GNUTLS +ACL +XZ +LZ4 +SECCOMP +BLKID +ELFUTILS +KMOD +IDN)
[   21.346782] systemd[1]: Detected virtualization oracle.
[   21.349080] systemd[1]: Detected architecture x86-64.

Welcome to [1mUbuntu 17.04[0m!

[   21.385308] systemd[1]: Set hostname to <ubuntu-zesty>.
[   21.933120] random: crng init done
[   22.934973] systemd[1]: Listening on /dev/initctl Compatibility Named Pipe.
[[0;32m  OK  [0m] Listening on /dev/initctl Compatibility Named Pipe.
[   22.988007] systemd[1]: Listening on LVM2 metadata daemon socket.
[[0;32m  OK  [0m] Listening on LVM2 metadata daemon socket.
[   22.993395] systemd[1]: Started Forward Password Requests to Wall Directory Watch.
[[0;32m  OK  [0m] Started Forward Password Requests to Wall Directory Watch.
[   23.000966] systemd[1]: Listening on Journal Audit Socket.
[[0;32m  OK  [0m] Listening on Journal Audit Socket.
[   23.008450] systemd[1]: Created slice User and Session Slice.
[[0;32m  OK  [0m] Created slice User and Session Slice.
[   23.012763] systemd[1]: Set up automount Arbitrary Executable File Formats File System Automount Point.
[[0;32m  OK  [0m] Set up automount Arbitrary Executab…rmats File System Automount Point.
[[0;32m  OK  [0m] Listening on Device-mapper event daemon FIFOs.
[[0;32m  OK  [0m] Listening on Journal Socket (/dev/log).
[[0;32m  OK  [0m] Listening on Syslog Socket.
[[0;32m  OK  [0m] Reached target User and Group Name Lookups.
[[0;32m  OK  [0m] Listening on udev Kernel Socket.
[[0;32m  OK  [0m] Created slice System Slice.
[[0;32m  OK  [0m] Created slice system-serial\x2dgetty.slice.
         Mounting POSIX Message Queue File System...
         Mounting Debug File System...
         Mounting Huge Pages File System...
[[0;32m  OK  [0m] Reached target Slices.
[[0;32m  OK  [0m] Listening on LVM2 poll daemon socket.
[[0;32m  OK  [0m] Created slice system-postgresql.slice.
[[0;32m  OK  [0m] Reached target Swap.
[[0;32m  OK  [0m] Listening on Journal Socket.
         Starting Create list of required st…ce nodes for the current kernel...
         Starting Journal Service...
         Starting Uncomplicated firewall...
         Starting Load Kernel Modules...
         Starting Set the console keyboard layout...
         Starting Nameserver information manager...
         Starting Monitoring of LVM2 mirrors…ng dmeventd or progress polling...
         Starting Remount Root and Kernel File Systems...
[[0;32m  OK  [0m] Listening on udev Control Socket.
[[0;32m  OK  [0m] Started Create list of required sta…vice nodes for the current kernel.
         Starting Create Static Device Nodes in /dev...
[[0;32m  OK  [0m] Started Uncomplicated firewall.
[[0;32m  OK  [0m] Started Journal Service.
[   23.205097] Loading iSCSI transport class v2.0-870.
[   23.326110] iscsi: registered transport (tcp)
[[0;32m  OK  [0m] Mounted Debug File System.
[[0;32m  OK  [0m] Mounted POSIX Message Queue File System.
[[0;32m  OK  [0m] Mounted Huge Pages File System.
[[0;32m  OK  [0m] Started LVM2[   23.617767] EXT4-fs (sda1): re-mounted. Opts: (null)
 metadata daemon.
[[0;32m  OK  [0m] Started Remount Root and Kernel File Systems.
[   23.679297] iscsi: registered transport (iser)
[[0;32m  OK  [0m] Started Nameserver information manager.
[[0;32m  OK  [0m] Started Load Kernel Modules.
         Mounting Configuration File System...
         Starting Apply Kernel Variables...
         Mounting FUSE Control File System...
         Starting Flush Journal to Persistent Storage...
         Starting Load/Save Random Seed...
         Starting Initial cloud-init job (pre-networking)...
         Starting udev Coldplug all Devices...
[[0;32m  OK  [0m] Mounted FUSE Control File System.
[[0;32m  OK  [0m] Mounted Configuration File System.
[[0;32m  OK  [0m] Started Monitoring of LVM2 mirrors,…sing dmeventd or progress polling.
[[0;32m  OK  [0m] Started Create Static Device Nodes in /dev.
[[0;32m  OK  [0m] Started Apply Kernel Variables.
[[0;32m  OK  [0m] Started Load/Save Random Seed.
[[0;32m  OK  [0m] Started udev Coldplug all Devices.
         Starting udev Kernel Device Manager...
[[0;32m  OK  [0m] Started Flush Journal to Persistent Storage.
[[0;32m  OK  [0m] Started udev Kernel Device Manager.
[[0;32m  OK  [0m] Found device /dev/ttyS0.
[[0;32m  OK  [0m] Found device 82540EM Gigabit Ethern…ler (PRO/1000 MT Desktop Adapter).
[[0;32m  OK  [0m] Listening on Load/Save RF Kill Switch Status /dev/rfkill Watch.
[[0;32m  OK  [0m] Started Set the console keyboard layout.
[[0;32m  OK  [0m] Reached target Local File Systems (Pre).
[[0;32m  OK  [0m] Reached target Local File Systems.
         Starting Create Volatile Files and Directories...
         Starting AppArmor initialization...
         Starting Set console font and keymap...
         Starting Tell Plymouth To Write Out Runtime Data...
         Starting ebtables ruleset management...
[[0;32m  OK  [0m] Started Dispatch Password Requests to Console Directory Watch.
[[0;32m  OK  [0m] Reached target Encrypted Volumes.
[[0;32m  OK  [0m] Started Set console font and keymap.
[[0;32m  OK  [0m] Started Tell Plymouth To Write Out Runtime Data.
[[0;32m  OK  [0m] Started Create Volatile Files and Directories.
[[0;32m  OK  [0m] Started ebtables ruleset management.
         Starting Update UTMP about System Boot/Shutdown...
[[0;32m  OK  [0m] Reached target System Time Synchronized.
[   28.245619] cloud-init[467]: Cloud-init v. 17.1 running 'init-local' at Thu, 01 Feb 2018 06:04:14 +0000. Up 27.41 seconds.
[[0;32m  OK  [0m] Started Initial cloud-init job (pre-networking).
[[0;32m  OK  [0m] Started Update UTMP about System Boot/Shutdown.
[[0;32m  OK  [0m] Reached target Network (Pre).
[[0;32m  OK  [0m] Started AppArmor initialization.
         Starting Raise network interfaces...
[[0;32m  OK  [0m] Started ifup for enp0s3.
[[0;32m  OK  [0m] Started Raise network interfaces.
[[0;32m  OK  [0m] Reached target Network.
         Starting Initial cloud-init job (metadata service crawler)...
[   32.001729] cloud-init[1207]: Cloud-init v. 17.1 running 'init' at Thu, 01 Feb 2018 06:04:17 +0000. Up 30.54 seconds.
[   32.086122] cloud-init[1207]: ci-info: +++++++++++++++++++++++++++++Net device info++++++++++++++++++++++++++++++
[[   32.202691] cloud-init[1207]: ci-info: +---------+------+-----------+---------------+-------+-------------------+
[   32.203696] cloud-init[1207]: ci-info: |  Device |  Up  |  Address  |      Mask     | Scope |     Hw-Address    |
[   32.204066] cloud-init[1207]: ci-info: +---------+------+-----------+---------------+-------+-------------------+
[   32.204506] cloud-init[1207]: ci-info: | enp0s3: | True | 10.0.2.15 | 255.255.255.0 |   .   | 02:f2:d5:cb:ed:dc |
[   32.204824] cloud-init[1207]: ci-info: | enp0s3: | True |     .     |       .       |   d   | 02:f2:d5:cb:ed:dc |
[   32.205152] cloud-init[1207]: ci-info: |   lo:   | True | 127.0.0.1 |   255.0.0.0   |   .   |         .         |
[   32.205459] cloud-init[1207]: ci-info: |   lo:   | True |     .     |       .       |   d   |         .         |
[   32.205763] cloud-init[1207]: ci-info: +---------+------+-----------+---------------+-------+-------------------+
[   32.206065] cloud-init[1207]: ci-info: +++++++++++++++++++++++++++Route IPv4 info++++++++++++++++++++++++++++
[   32.206371] cloud-init[1207]: ci-info: +-------+-------------+----------+---------------+-----------+-------+
[   32.206674] cloud-init[1207]: ci-info: | Route | Destination | Gateway  |    Genmask    | Interface | Flags |
[   32.206980] cloud-init[1207]: ci-info: +-------+-------------+----------+---------------+-----------+-------+
[   32.207297] cloud-init[1207]: ci-info: |   0   |   0.0.0.0   | 10.0.2.2 |    0.0.0.0    |   enp0s3  |   UG  |
[   32.207605] cloud-init[1207]: ci-info: |   1   |   10.0.2.0  | 0.0.0.0  | 255.255.255.0 |   enp0s3  |   U   |
[   32.207926] cloud-init[1207]: ci-info: +-------+-------------+----------+---------------+-----------+-------+
[0;32m  OK  [0m] Started Initial cloud-init job (metadata service crawler).
[[0;32m  OK  [0m] Reached target Cloud-config availability.
[[0;32m  OK  [0m] Reached target System Initialization.
         Starting LXD - unix socket.
         Starting Socket activation for snappy daemon.
[[0;32m  OK  [0m] Listening on ACPID Listen Socket.
[[0;32m  OK  [0m] Started Daily Cleanup of Temporary Directories.
[[0;32m  OK  [0m] Started Timer to automatically refresh installed snaps.
[[0;32m  OK  [0m] Listening on D-Bus System Message Bus Socket.
[[0;32m  OK  [0m] Started Message of the Day.
[[0;32m  OK  [0m] Started ACPI Events Check.
[[0;32m  OK  [0m] Reached target Paths.
[[0;32m  OK  [0m] Listening on UUID daemon activation socket.
[[0;32m  OK  [0m] Listening on LXD - unix socket.
[[0;32m  OK  [0m] Listening on Socket activation for snappy daemon.
[[0;32m  OK  [0m] Reached target Sockets.
[[0;32m  OK  [0m] Reached target Basic System.
         Starting Network Name Resolution...
[[0;32m  OK  [0m] Started FUSE filesystem for LXC.
[[0;32m  OK  [0m] Started Deferred execution scheduler.
[[0;32m  OK  [0m] Started Regular background program processing daemon.
[[0;32m  OK  [0m] Started D-Bus System Message Bus.
[[0;32m  OK  [0m] Started ACPI event daemon.
[[0;32m  OK  [0m] Started Unattended Upgrades Shutdown.
         Starting PostgreSQL Cluster 9.6-main...
         Starting Snappy daemon...
         Starting LSB: Record successful boot for GRUB...
         Starting System Logging Service...
         Starting Accounts Service...
         Starting Login Service...
         Starting LXD - container startup/shutdown...
[[0;32m  OK  [0m] Started System Logging Service.
[[0;32m  OK  [0m] Started Login Service.
[[0;32m  OK  [0m] Started Network Name Resolution.
[[0;32m  OK  [0m] Reached target Network is Online.
         Starting Apply the settings specified in cloud-config...
         Starting iSCSI initiator daemon (iscsid)...
         Starting OpenBSD Secure Shell server...
[[0;32m  OK  [0m] Started Daily apt download activities.
[[0;32m  OK  [0m] Started Daily apt upgrade and clean activities.
[[0;32m  OK  [0m] Reached target Timers.
[[0;32m  OK  [0m] Started LSB: Record successful boot for GRUB.
[[0;32m  OK  [0m] Started iSCSI initiator daemon (iscsid).
         Starting Login to default iSCSI targets...
         Starting Authorization Manager...
[[0;32m  OK  [0m] Started Authorization Manager.
[[0;32m  OK  [0m] Started Accounts Service.
[[0;32m  OK  [0m] Started Login to default iSCSI targets.
[[0;32m  OK  [0m] Reached target Remote File Systems (Pre).
[[0;32m  OK  [0m] Reached target Remote File Systems.
         Starting LSB: VirtualBox Linux Additions...
         Starting LSB: daemon to balance interrupts for SMP systems...
         Starting Permit User Sessions...
         Starting LSB: automatic crash report generation...
         Starting LSB: Start/stop sysstat's sadc...
[[0;32m  OK  [0m] Started OpenBSD Secure Shell server.
[[0;32m  OK  [0m] Started Permit User Sessions.
         Starting Terminate Plymouth Boot Screen...
         Starting Hold until boot process finishes up...
[[0;32m  OK  [0m] Started Terminate Plymouth Boot Screen.
[[0;32m  OK  [0m] Started Hold until boot process finishes up.
[[0;32m  OK  [0m] Started Serial Getty on ttyS0.
         Starting Set console scheme...
[[0;32m  OK  [0m] Started LSB: Start/stop sysstat's sadc.
[[0;32m  OK  [0m] Started Snappy daemon.
[[0;32m  OK  [0m] Started Set console scheme.
[[0;32m  OK  [0m] Created slice system-getty.slice.
[[0;32m  OK  [0m] Started Getty on tty1.
[[0;32m  OK  [0m] Reached target Login Prompts.
[[0;32m  OK  [0m] Started LSB: daemon to balance interrupts for SMP systems.
[[0;32m  OK  [0m] Started LSB: automatic crash report generation.
[   37.173573] cloud-init[1454]: Cloud-init v. 17.1 running 'modules:config' at Thu, 01 Feb 2018 06:04:22 +0000. Up 35.70 seconds.
[[0;32m  OK  [0m] Started LSB: VirtualBox Linux Additions.
[[0;32m  OK  [0m] Started Apply the settings specified in cloud-config.
[[0;32m  OK  [0m] Created slice User Slice of ubuntu.
         Starting User Manager for UID 1000...
[[0;32m  OK  [0m] Started Session 1 of user ubuntu.
[[0;32m  OK  [0m] Started User Manager for UID 1000.
[[0;32m  OK  [0m] Started LXD - container startup/shutdown.

Ubuntu 17.04 ubuntu-zesty ttyS0

ubuntu-zesty login: [   44.591916] cloud-init[1908]: Cloud-init v. 17.1 running 'modules:final' at Thu, 01 Feb 2018 06:04:30 +0000. Up 43.85 seconds.
[   44.593079] cloud-init[1908]: Cloud-init v. 17.1 finished at Thu, 01 Feb 2018 06:04:31 +0000. Datasource DataSourceNoCloud [seed=/dev/sdb][dsmode=net].  Up 44.57 seconds
