[    0.000000] Initializing cgroup subsys cpuset
[    0.000000] Initializing cgroup subsys cpu
[    0.000000] Initializing cgroup subsys cpuacct
[    0.000000] Linux version 4.4.0-112-generic (buildd@lgw01-amd64-010) (gcc version 5.4.0 20160609 (Ubuntu 5.4.0-6ubuntu1~16.04.5) ) #135-Ubuntu SMP Fri Jan 19 11:48:36 UTC 2018 (Ubuntu 4.4.0-112.135-generic 4.4.98)
[    0.000000] Command line: BOOT_IMAGE=/boot/vmlinuz-4.4.0-112-generic root=LABEL=cloudimg-rootfs ro console=tty1 console=ttyS0
[    0.000000] KERNEL supported cpus:
[    0.000000]   Intel GenuineIntel
[    0.000000]   AMD AuthenticAMD
[    0.000000]   Centaur CentaurHauls
[    0.000000] x86/fpu: xstate_offset[2]:  576, xstate_sizes[2]:  256
[    0.000000] x86/fpu: Supporting XSAVE feature 0x01: 'x87 floating point registers'
[    0.000000] x86/fpu: Supporting XSAVE feature 0x02: 'SSE registers'
[    0.000000] x86/fpu: Supporting XSAVE feature 0x04: 'AVX registers'
[    0.000000] x86/fpu: Enabled xstate features 0x7, context size is 832 bytes, using 'standard' format.
[    0.000000] x86/fpu: Using 'lazy' FPU context switches.
[    0.000000] e820: BIOS-provided physical RAM map:
[    0.000000] BIOS-e820: [mem 0x0000000000000000-0x000000000009fbff] usable
[    0.000000] BIOS-e820: [mem 0x000000000009fc00-0x000000000009ffff] reserved
[    0.000000] BIOS-e820: [mem 0x00000000000f0000-0x00000000000fffff] reserved
[    0.000000] BIOS-e820: [mem 0x0000000000100000-0x000000003ffeffff] usable
[    0.000000] BIOS-e820: [mem 0x000000003fff0000-0x000000003fffffff] ACPI data
[    0.000000] BIOS-e820: [mem 0x00000000fec00000-0x00000000fec00fff] reserved
[    0.000000] BIOS-e820: [mem 0x00000000fee00000-0x00000000fee00fff] reserved
[    0.000000] BIOS-e820: [mem 0x00000000fffc0000-0x00000000ffffffff] reserved
[    0.000000] NX (Execute Disable) protection: active
[    0.000000] SMBIOS 2.5 present.
[    0.000000] Hypervisor detected: KVM
[    0.000000] e820: last_pfn = 0x3fff0 max_arch_pfn = 0x400000000
[    0.000000] MTRR: Disabled
[    0.000000] x86/PAT: MTRRs disabled, skipping PAT initialization too.
[    0.000000] CPU MTRRs all blank - virtualized system.
[    0.000000] x86/PAT: Configuration [0-7]: WB  WT  UC- UC  WB  WT  UC- UC  
[    0.000000] found SMP MP-table at [mem 0x0009fff0-0x0009ffff] mapped at [ffff88000009fff0]
[    0.000000] Scanning 1 areas for low memory corruption
[    0.000000] RAMDISK: [mem 0x36adc000-0x37565fff]
[    0.000000] ACPI: Early table checksum verification disabled
[    0.000000] ACPI: RSDP 0x00000000000E0000 000024 (v02 VBOX  )
[    0.000000] ACPI: XSDT 0x000000003FFF0030 00003C (v01 VBOX   VBOXXSDT 00000001 ASL  00000061)
[    0.000000] ACPI: FACP 0x000000003FFF00F0 0000F4 (v04 VBOX   VBOXFACP 00000001 ASL  00000061)
[    0.000000] ACPI: DSDT 0x000000003FFF0470 0021FF (v02 VBOX   VBOXBIOS 00000002 INTL 20160108)
[    0.000000] ACPI: FACS 0x000000003FFF0200 000040
[    0.000000] ACPI: FACS 0x000000003FFF0200 000040
[    0.000000] ACPI: APIC 0x000000003FFF0240 00005C (v02 VBOX   VBOXAPIC 00000001 ASL  00000061)
[    0.000000] ACPI: SSDT 0x000000003FFF02A0 0001CC (v01 VBOX   VBOXCPUT 00000002 INTL 20160108)
[    0.000000] No NUMA configuration found
[    0.000000] Faking a node at [mem 0x0000000000000000-0x000000003ffeffff]
[    0.000000] NODE_DATA(0) allocated [mem 0x3ffeb000-0x3ffeffff]
[    0.000000] kvm-clock: Using msrs 4b564d01 and 4b564d00
[    0.000000] kvm-clock: cpu 0, msr 0:3ffe3001, primary cpu clock
[    0.000000] kvm-clock: using sched offset of 3979301783 cycles
[    0.000000] clocksource: kvm-clock: mask: 0xffffffffffffffff max_cycles: 0x1cd42e4dffb, max_idle_ns: 881590591483 ns
[    0.000000] Zone ranges:
[    0.000000]   DMA      [mem 0x0000000000001000-0x0000000000ffffff]
[    0.000000]   DMA32    [mem 0x0000000001000000-0x000000003ffeffff]
[    0.000000]   Normal   emty
[    0.000000]   Device   empty
[    0.000000] Movable zone start for each node
[    0.000000] Early memory node ranges
[    0.000000]   node   0: [mem 0x0000000000001000-0x000000000009efff]
[    0.000000]   node   0: [mem 0x0000000000100000-0x000000003ffeffff]
[    0.000000] Initmem setup node 0 [mem 0x0000000000001000-0x000000003ffeffff]
[    0.000000] ACPI: PM-Timer IO Port: 0x4008
[    0.000000] IOAPIC[0]: apic_id 2, version 32, address 0xfec00000, GSI 0-23
[    0.000000] ACPI: INT_SRC_OVR (bus 0 bus_irq 0 global_irq 2 dfl dfl)
[    0.000000] ACPI: INT_SRC_OVR (bus 0 bus_irq 9 global_irq 9 low level)
[    0.000000] Using ACPI (MADT) for SMP configuration information
[    0.000000] smpboot: Allowing 2 CPUs, 0 hotplug CPUs
[    0.000000] PM: Registered nosave memory: [mem 0x00000000-0x00000fff]
[    0.000000] PM: Registered nosave memory: [mem 0x0009f000-0x0009ffff]
[    0.000000] PM: Registered nosave memory: [mem 0x000a0000-0x000effff]
[    0.000000] PM: Registered nosave memory: [mem 0x000f0000-0x000fffff]
[    0.000000] e820: [mem 0x40000000-0xfebfffff] available for PCI devices
[    0.000000] Booting paravirtualized kernel on KVM
[    0.000000] clocksource: refined-jiffies: mask: 0xffffffff max_cycles: 0xffffffff, max_idle_ns: 7645519600211568 ns
[    0.000000] setup_percpu: NR_CPUS:512 nr_cpumask_bits:512 nr_cpu_ids:2 nr_node_ids:1
[    0.000000] PERCPU: Embedded 34 pages/cpu @ffff88003fc00000 s99544 r8192 d31528 u1048576
[    0.000000] PV qspinlock hash table entries: 256 (order: 0, 4096 bytes)
[    0.000000] Built 1 zonelists in Node order, mobility grouping on.  Total pages: 257913
[    0.000000] Policy zone: DMA32
[    0.000000] Kernel command line: BOOT_IMAGE=/boot/vmlinuz-4.4.0-112-generic root=LABEL=cloudimg-rootfs ro console=tty1 console=ttyS0
[    0.000000] PID hash table entries: 4096 (order: 3, 32768 bytes)
[    0.000000] Memory: 1001740K/1048120K available (8499K kernel code, 1309K rwdata, 3988K rodata, 1508K init, 1316K bss, 46380K reserved, 0K cma-reserved)
[    0.000000] SLUB: HWalign=64, Order=0-3, MinObjects=0, CPUs=2, Nodes=1
[    0.000000] Kernel/User page tables isolation: enabled
[    0.000000] Hierarchical RCU implementation.
[    0.000000] 	Build-time adjustment of leaf fanout to 64.
[    0.000000] 	RCU restricting CPUs from NR_CPUS=512 to nr_cpu_ids=2.
[    0.000000] RCU: Adjusting geometry for rcu_fanout_leaf=64, nr_cpu_ids=2
[    0.000000] NR_IRQS:33024 nr_irqs:440 16
[    0.000000] Console: colour VGA+ 80x25
[    0.000000] console [tty1] enabled
[    0.000000] console [ttyS0] enabled
[    0.000000] tsc: Detected 2195.012 MHz processor
[    2.961872] Calibrating delay loop (skipped) preset value.. 4390.02 BogoMIPS (lpj=8780048)
[    2.975256] pid_max: default: 32768 minimum: 301
[    2.977401] ACPI: Core revision 20150930
[    2.989409] ACPI: 2 ACPI AML tables successfully acquired and loaded
[    2.998149] Security Framework initialized
[    3.003885] Yama: becoming mindful.
[    3.012608] AppArmor: AppArmor initialized
[    3.022097] Dentry cache hash table entries: 131072 (order: 8, 1048576 bytes)
[    3.026532] Inode-cache hash table entries: 65536 (order: 7, 524288 bytes)
[    3.035079] Mount-cache hash table entries: 2048 (order: 2, 16384 bytes)
[    3.046027] Mountpoint-cache hash table entries: 2048 (order: 2, 16384 bytes)
[    3.050108] Initializing cgroup subsys io
[    3.052515] Initializing cgroup subsys memory
[    3.055052] Initializing cgroup subsys devices
[    3.057694] Initializing cgroup subsys freezer
[    3.060236] Initializing cgroup subsys net_cls
[    3.062888] Initializing cgroup subsys perf_event
[    3.065613] Initializing cgroup subsys net_prio
[    3.068200] Initializing cgroup subsys hugetlb
[    3.070834] Initializing cgroup subsys pids
[    3.073502] CPU: Physical Processor ID: 0
[    3.075861] CPU: Processor Core ID: 0
[    3.078184] FEATURE SPEC_CTRL Not Present
[    3.081373] mce: CPU supports 0 MCE banks
[    3.083786] Last level iTLB entries: 4KB 512, 2MB 8, 4MB 8
[    3.086875] Last level dTLB entries: 4KB 512, 2MB 32, 4MB 32, 1GB 0
[    3.095527] Freeing SMP alternatives memory: 32K
[    3.119250] ftrace: allocating 32180 entries in 126 pages
[    3.234904] smpboot: APIC(0) Converting physical 0 to logical package 0
[    3.357547] smpboot: Max logical packages: 1
[    3.437492] x2apic enabled
[    3.439853] Switched APIC routing to physical x2apic.
[    3.445380] ..TIMER: vector=0x30 apic1=0 pin1=2 apic2=-1 pin2=-1
[    3.556457] smpboot: CPU0: Intel(R) Core(TM) i7-3632QM CPU @ 2.20GHz (family: 0x6, model: 0x3a, stepping: 0x9)
[    3.562369] Performance Events: unsupported p6 CPU model 58 no PMU driver, software events only.
[    3.567584] KVM setup paravirtual spinlock
[    3.571576] x86: Booting SMP configuration:
[    3.574070] .... node  #0, CPUs:      #1
[    3.576636] kvm-clock: cpu 1, msr 0:3ffe3041, secondary cpu clock
[    3.586287] mce: CPU supports 0 MCE banks
[    3.589376] x86: Booted up 1 node, 2 CPUs
[    3.592208] smpboot: Total of 2 processors activated (8780.04 BogoMIPS)
[    3.596539] devtmpfs: initialized
[    3.603069] evm: security.selinux
[    3.605161] evm: security.SMACK64
[    3.607205] evm: security.SMACK64EXEC
[    3.609430] evm: security.SMACK64TRANSMUTE
[    3.611822] evm: security.SMACK64MMAP
[    3.614054] evm: security.ima
[    3.615935] evm: security.capability
[    3.618517] clocksource: jiffies: mask: 0xffffffff max_cycles: 0xffffffff, max_idle_ns: 7645041785100000 ns
[    3.623871] futex hash table entries: 512 (order: 3, 32768 bytes)
[    3.627482] pinctrl core: initialized pinctrl subsystem
[    3.630647] RTC time:  8:36:51, date: 02/06/18
[    3.633488] NET: Registered protocol family 16
[    3.648343] cpuidle: using governor ladder
[    3.660387] cpuidle: using governor menu
[    3.662719] PCCT header not found.
[    3.665014] ACPI: bus type PCI registered
[    3.667332] acpiphp: ACPI Hot Plug PCI Controller Driver version: 0.5
[    3.670940] PCI: Using configuration type 1 for base access
[    3.685817] ACPI: Added _OSI(Module Device)
[    3.690723] ACPI: Added _OSI(Processor Device)
[    3.693239] ACPI: Added _OSI(3.0 _SCP Extensions)
[    3.695873] ACPI: Added _OSI(Processor Aggregator Device)
[    3.700490] ACPI: Executed 1 blocks of module-level executable AML code
[    3.708861] ACPI: Interpreter enabled
[    3.712124] ACPI: (supports S0 S5)
[    3.714229] ACPI: Using IOAPIC for interrupt routing
[    3.717341] PCI: Using host bridge windows from ACPI; if necessary, use "pci=nocrs" and report a bug
[    3.730908] ACPI: PCI Root Bridge [PCI0] (domain 0000 [bus 00-ff])
[    3.734213] acpi PNP0A03:00: _OSC: OS supports [ASPM ClockPM Segments MSI]
[    3.737802] acpi PNP0A03:00: _OSC: not requesting OS control; OS requires [ExtendedConfig ASPM ClockPM MSI]
[    3.743092] acpi PNP0A03:00: fail to add MMCONFIG information, can't access extended PCI configuration space under this bridge.
[    3.749740] PCI host bridge to bus 0000:00
[    3.752118] pci_bus 0000:00: root bus resource [io  0x0000-0x0cf7 window]
[    3.755626] pci_bus 0000:00: root bus resource [io  0x0d00-0xffff window]
[    3.759201] pci_bus 0000:00: root bus resource [mem 0x000a0000-0x000bffff window]
[    3.763533] pci_bus 0000:00: root bus resource [mem 0x40000000-0xfdffffff window]
[    3.767838] pci_bus 0000:00: root bus resource [bus 00-ff]
[    3.774386] pci 0000:00:01.1: legacy IDE quirk: reg 0x10: [io  0x01f0-0x01f7]
[    3.778079] pci 0000:00:01.1: legacy IDE quirk: reg 0x14: [io  0x03f6]
[    3.781487] pci 0000:00:01.1: legacy IDE quirk: reg 0x18: [io  0x0170-0x0177]
[    3.785172] pci 0000:00:01.1: legacy IDE quirk: reg 0x1c: [io  0x0376]
[    3.823098] pci 0000:00:07.0: quirk: [io  0x4000-0x403f] claimed by PIIX4 ACPI
[    3.873135] pci 0000:00:07.0: quirk: [io  0x4100-0x410f] claimed by PIIX4 SMB
[    3.888402] ACPI: PCI Interrupt Link [LNKA] (IRQs 5 9 10 *11)
[    3.894099] ACPI: PCI Interrupt Link [LNKB] (IRQs 5 9 *10 11)
[    3.898376] ACPI: PCI Interrupt Link [LNKC] (IRQs 5 *9 10 11)
[    3.902776] ACPI: PCI Interrupt Link [LNKD] (IRQs 5 9 10 *11)
[    3.907180] ACPI: Enabled 2 GPEs in block 00 to 07
[    3.910962] vgaarb: setting as boot device: PCI:0000:00:02.0
[    3.914062] vgaarb: device added: PCI:0000:00:02.0,decodes=io+mem,owns=io+mem,locks=none
[    3.919783] vgaarb: loaded
[    3.921592] vgaarb: bridge control possible 0000:00:02.0
[    3.925145] SCSI subsystem initialized
[    3.927704] ACPI: bus type USB registered
[    3.930239] usbcore: registered new interface driver usbfs
[    3.933256] usbcore: registered new interface driver hub
[    3.936201] usbcore: registered new device driver usb
[    3.940924] PCI: Using ACPI for IRQ routing
[    3.945082] NetLabel: Initializing
[    3.947169] NetLabel:  domain hash size = 128
[    3.949668] NetLabel:  protocols = UNLABELED CIPSOv4
[    3.952425] NetLabel:  unlabeled traffic allowed by default
[    3.955817] amd_nb: Cannot enumerate AMD northbridges
[    3.958797] clocksource: Switched to clocksource kvm-clock
[    3.976881] AppArmor: AppArmor Filesystem Enabled
[    3.981335] pnp: PnP ACPI init
[    3.985065] pnp: PnP ACPI: found 3 devices
[    4.004105] clocksource: acpi_pm: mask: 0xffffff max_cycles: 0xffffff, max_idle_ns: 2085701024 ns
[    4.015826] NET: Registedrooc fil2
[    4.529909] TCP established hash table entries: 8192 (order: 4, 65536 bytes)
[    4.924937] TCP bind hash table entries: 8192 (de:  110 bes
[  5772]TCP: Hash tables configured (established 8192 bind 8192)
  6.486]DPastae tres: 512 (order: 2, 16384 bytes)
[  7644]DPit hash table entries: 512 (order: 2, 16384 bytes)
[  7940]NET: Registered protocol family 1
[  8740] pci 0000:00:00.0: Limiting direct PCI/PCI transfers
[   .638] i 0000:00:01.0: Activating ISA DMA hang workarounds
[    9.036106] Unpacking initramfs...
[   13.367115] Freeing initrd memory: 10792K
[   13.380950] RAPL PMU detected, API unit is 2^-32 Joules, 3 fixed counters 10737418240 ms ovfl timer
[   13.386135] hw unit of domain pp0-core 2^-0 Joules
[   13.388900] hw unit of domain package 2^-0 Joules
[   13.391538] hw unit of domain pp1-gpu 2^-0 Joules
[   13.396298] platform rtc_cmos: registered platform RTC device (no PNP device found)
[   13.400979] Scanning for low memory corruption every 60 seconds
[   13.405036] audit: initializing netlink subsys (disabled)
[   13.412175] audit: type=2000 audit(1517906223.332:1): initialized
[   13.416120] Initialise system trusted keyring
[   13.419061] HugeTLB registered 2 MB page size, pre-allocated 0 pages
[   13.425922] zbud: loaded
[   13.430234] VFS: Disk quotas dquot_6.6.0
[   13.432701] VFS: Dquot-cache hash table entries: 512 (order 0, 4096 bytes)
[   13.436926] squashfs: version 4.0 (2009/01/31) Phillip Lougher
[   13.440857] fuse init (API version 7.23)
[   13.443476] Key type big_key registered
[   13.445956] Allocating IMA MOK and blacklist keyrings.
[   13.451602] Key type asymmetric registered
[   13.454013] Asymmetric key parser 'x509' registered
[   13.456850] Block layer SCSI generic (bsg) driver version 0.4 loaded (major 249)
[   13.461338] io scheduler noop registered
[   13.463645] io scheduler deadline registered (default)
[   13.466690] io scheduler cfq registered
[   13.469255] pci_hotplug: PCI Hot Plug PCI Core version: 0.5
[   13.472309] pciehp: PCI Express Hot Plug Controller Driver version: 0.4
[   13.476100] ACPI: AC Adapter [AC] (on-line)
[   13.478677] input: Power Button as /devices/LNXSYSTM:00/LNXPWRBN:00/input/input0
[   13.483081] ACPI: Power Button [PWRF]
[   13.485435] input: Sleep Button as /devices/LNXSYSTM:00/LNXSLPBN:00/input/input1
[   13.489967] ACPI: Sleep Button [SLPF]
[   13.494071] ACPI: Battery Slot [BAT0] (battery present)
[   13.497144] GHES: HEST is not enabled!
[   13.499562] Serial: 8250/16550 driver, 32 ports, IRQ sharing enabled
[   13.527567] 00:02: ttyS0 at I/O 0x3f8 (irq = 4, base_baud = 115200) is a 16550A
[   13.534688] Linux agpgart interface v0.103
[   13.541569] loop: module loaded
[   13.547991] scsi host0: ata_piix
[   13.550413] scsi host1: ata_piix
[   13.552578] ata1: PATA max UDMA/33 cmd 0x1f0 ctl 0x3f6 bmdma 0xd000 irq 14
[   13.556165] ata2: PATA max UDMA/33 cmd 0x170 ctl 0x376 bmdma 0xd008 irq 15
[   13.559985] libphy: Fixed MDIO Bus: probed
[   13.562479] tun: Universal TUN/TAP device driver, 1.6
[   13.574785] tun: (C) 1999-2004 Max Krasnyansky <maxk@qualcomm.com>
[   13.578220] PPP generic driver version 2.4.2
[   13.580908] ehci_hcd: USB 2.0 'Enhanced' Host Controller (EHCI) Driver
[   13.584405] ehci-pci: EHCI PCI platform driver
[   13.586975] ehci-platform: EHCI generic platform driver
[   13.589944] ohci_hcd: USB 1.1 'Open' Host Controller (OHCI) Driver
[   13.593326] ohci-pci: OHCI PCI platform driver
[   13.595954] ohci-platform: OHCI generic platform driver
[   13.598844] uhci_hcd: USB Universal Host Controller Interface driver
[   13.602461] i8042: PNP: PS/2 Controller [PNP0303:PS2K,PNP0f03:PS2M] at 0x60,0x64 irq 1,12
[   13.608181] serio: i8042 KBD port at 0x60,0x64 irq 1
[   13.610957] serio: i8042 AUX port at 0x60,0x64 irq 12
[   13.614098] mousedev: PS/2 mouse device common for all mice
[   13.618200] rtc_cmos rtc_cmos: rtc core: registered rtc_cmos as rtc0
[   13.621909] rtc_cmos rtc_cmos: alarms up to one day, 114 bytes nvram
[   13.625402] i2c /dev entries driver
[   13.627657] input: AT Translated Set 2 keyboard as /devices/platform/i8042/serio0/input/input2
[   13.632940] device-mapper: uevent: version 1.0.3
[   13.664727] device-mapper: ioctl: 4.34.0-ioctl (2015-10-28) initialised: dm-devel@redhat.com
[   13.670556] ledtrig-cpu: registered to indicate activity on CPUs
[   13.674225] NET: Registered protocol family 10
[   13.677783] NET: Registered protocol family 17
[   13.679848] Key type dns_resolver registered
[   13.692302] microcode: CPU0 sig=0x306a9, pf=0x2, revision=0x19
[   13.700104] microcode: CPU1 sig=0x306a9, pf=0x2, revision=0x19
[   13.703527] microcode: Microcode Update Driver: v2.01 <tigran@aivazian.fsnet.co.uk>, Peter Oruba
[   13.715229] registered taskstats version 1
[   13.717137] Loading compiled-in X.509 certificates
[   13.721266] Loaded X.509 cert 'Build time autogenerated kernel key: 4c603087bab8f0a02cb3b4e1fb4c40f507e71ef1'
[   13.726773] zswap: loaded using pool lzo/zbud
[   13.733958] Key type trusted registered
[   13.761722] Key type encrypted registered
[   13.764829] AppArmor: AppArmor sha1 policy hashing enabled
[   13.784419] ima: No TPM chip found, activating TPM-bypass!
[   13.786740] evm: HMAC attrs: 0x1
[   13.789017]   Magic number: 6:851:623
[   13.820020] rtc_cmos rtc_cmos: setting system clock to 2018-02-06 08:37:01 UTC (1517906221)
[   13.834499] BIOS EDD facility v0.16 2004-Jun-25, 0 devices found
[   13.841262] EDD information not available.
[   13.846261] Freeing unused kernel memory: 1508K
[   13.873775] Write protecting the kernel read-only data: 14336k
[   13.889311] Freeing unused kernel memory: 1728K
[   13.919779] Freeing unused kernel memory: 108K
Loading, please wait...
starting version[   13.987020] random: systemd-udevd: uninitialized urandom read (16 bytes read, 3 bits of entropy available)
 229
[   13.988770] random: udevadm: uninitialized urandom read (16 bytes read, 3 bits of entropy available)
[   13.988840] random: udevadm: uninitialized urandom read (16 bytes read, 3 bits of entropy available)
[   14.025060] random: udevadm: uninitialized urandom read (16 bytes read, 3 bits of entropy available)
[   14.025199] random: udevadm: uninitialized urandom read (16 bytes read, 3 bits of entropy available)
[   14.025734] random: udevadm: uninitialized urandom read (16 bytes read, 3 bits of entropy available)
[   14.025953] random: udevadm: uninitialized urandom read (16 bytes read, 3 bits of entropy available)
[   14.026163] random: udevadm: uninitialized urandom read (16 bytes read, 3 bits of entropy available)
[   14.026375] random: udevadm: uninitialized urandom read (16 bytes read, 3 bits of entropy available)
[   14.026582] random: udevadm: uninitialized urandom read (16 bytes read, 3 bits of entropy available)
[   14.196954] Fusion MPT base driver 3.04.20
[   14.214514] Copyright (c) 1999-2008 LSI Corporation
[   14.228823] e1000: Intel(R) PRO/1000 Network Driver - version 7.3.21-k8-NAPI
[   14.235961] e1000: Copyright (c) 1999-2006 Intel Corporation.
[   14.281496] AVX version of gcm_enc/dec engaged.
[   14.318343] AES CTR mode by8 optimization enabled
[   14.335998] Fusion MPT SPI Host driver 3.04.20
[   14.510322] input: ImExPS/2 Generic Explorer Mouse as /devices/platform/i8042/serio1/input/input4
[   15.041001] e1000 0000:00:03.0 eth0: (PCI:33MHz:32-bit) 02:1f:2a:60:99:e3
[   15.324626] e1000 0000:00:03.0 eth0: Intel(R) PRO/1000 Network Connection
[   15.346986] mptbase: ioc0: Initiating bringup
[   15.348741] e1000 0000:00:03.0 enp0s3: renamed from eth0
[   15.398897] tsc: Refined TSC clocksource calibration: 2193.940 MHz
[   15.405858] clocksource: tsc: mask: 0xffffffffffffffff max_cycles: 0x1f9fd66878b, max_idle_ns: 440795296650 ns
[   15.427264] ioc0: LSI53C1030 A0: Capabilities={Initiator}
[   15.594947] scsi host2: ioc0: LSI53C1030 A0, FwRev=00000000h, Ports=1, MaxQ=256, IRQ=20
[   15.804021] scsi 2:0:0:0: Direct-Access     VBOX     HARDDISK         1.0  PQ: 0 ANSI: 5
[   16.624455] scsi target2:0:0: Beginning Domain Validation
[   16.814501] scsi target2:0:0: Domain Validation skipping write tests
[   16.817951] scsi target2:0:0: Ending Domain Validation
[   16.844169] scsi target2:0:0: asynchronous
[   16.848158] scsi 2:0:1:0: Direct-Access     VBOX     HARDDISK         1.0  PQ: 0 ANSI: 5
[   16.875030] scsi target2:0:1: Beginning Domain Validation
[   16.881044] scsi target2:0:1: Domain Validation skipping write tests
[   16.886364] scsi target2:0:1: Ending Domain Validation
[   16.888794] scsi target2:0:1: asynchronous
[   16.904516] sd 2:0:0:0: Attached scsi generic sg0 type 0
[   16.907057] sd 2:0:0:0: [sda] 20971520 512-byte logical blocks: (10.7 GB/10.0 GiB)
[   16.910836] sd 2:0:1:0: Attached scsi generic sg1 type 0
[   16.911801] sd 2:0:1:0: [sdb] 20480 512-byte logical blocks: (10.5 MB/10.0 MiB)
[   16.912053] sd 2:0:0:0: [sda] Write Protect is off
[   16.912242] sd 2:0:1:0: [sdb] Write Protect is off
[   16.912278] sd 2:0:0:0: [sda] Incomplete mode parameter data
[   16.912280] sd 2:0:0:0: [sda] Assuming drive cache: write through
[   16.912487] sd 2:0:1:0: [sdb] Incomplete mode parameter data
[   16.912489] sd 2:0:1:0: [sdb] Assuming drive cache: write through
[   16.960432]  sda: sda1
[   16.964363] sd 2:0:0:0: [sda] Attached SCSI disk
[   16.975055] sd 2:0:1:0: [sdb] Attached SCSI disk
[   17.355029] floppy0: no floppy controllers found
[   17.553714] work still pending
Begin: Loading e[   19.539702] md: linear personality registered for level -1
ssential drivers ... [   19.810834] md: multipath personality registered for level -4
[   19.820383] md: raid0 personality registered for level 0
[   19.830428] md: raid1 personality registered for level 1
[   19.911895] raid6: sse2x1   gen()  3232 MB/s
[   20.090885] raid6: sse2x1   xor()  2562 MB/s
[   20.246864] raid6: sse2x2   gen()  3980 MB/s
[   20.322886] raid6: sse2x2   xor()  2733 MB/s
[   20.406882] raid6: sse2x4   gen()  4719 MB/s
[   20.602897] raid6: sse2x4   xor()  3495 MB/s
[   20.731880] raid6: using algorithm sse2x4 gen() 4719 MB/s
[   20.886431] raid6: .... xor() 3495 MB/s, rmw enabled
[   21.037113] raid6: using ssse3x2 recovery algorithm
[   21.190463] xor: automatically using best checksumming function:
[   21.439060]    avx       : 16256.000 MB/sec
[   21.448402] async_tx: api initialized (async)
[   21.484360] md: raid6 personality registered for level 6
[   21.489285] md: raid5 personality registered for level 5
[   21.492206] md: raid4 personality registered for level 4
[   21.511201] md: raid10 personality registered for level 10
done.
Begin: Running /scripts/init-premount ... done.
Begin: Mounting root file system ... Begin: Running /scripts/local-top ... done.
Begin: [   21.599802] Btrfs loaded
Running /scripts/local-premount ... Scanning for Btrfs filesystems
done.
Warning: fsck no[   21.681718] EXT4-fs (sda1): INFO: recovery required on readonly filesystem
t present, so sk[   22.483865] EXT4-fs (sda1): write access will be enabled during recovery
ipping root file system
[   22.603474] EXT4-fs (sda1): orphan cleanup on readonly fs
[   22.613062] EXT4-fs (sda1): 1 orphan inode deleted
[   22.615183] EXT4-fs (sda1): recovery complete
[   22.795629] EXT4-fs (sda1): mounted filesystem with ordered data mode. Opts: (null)
done.
Begin: Running /scripts/local-bottom ... done.
Begin: Running /scripts/init-bottom ... done.
[   24.264857] systemd[1]: systemd 229 running in system mode. (+PAM +AUDIT +SELINUX +IMA +APPARMOR +SMACK +SYSVINIT +UTMP +LIBCRYPTSETUP +GCRYPT +GNUTLS +ACL +XZ -LZ4 +SECCOMP +BLKID +ELFUTILS +KMOD -IDN)
[   24.783176] systemd[1]: Detected virtualization oracle.
[   24.790803] systemd[1]: Detected architecture x86-64.
[   24.826215] random: nonblocking pool is initialized

Welcome to [1mUbuntu 16.04.3 LTS[0m!

[   24.907587] systemd[1]: Set hostname to <ubuntu-xenial>.
[  26.181108] systemd[1]: Started Trigger resolvconf update for networkd DNS.
[[0;32m  OK  [0m] Started Trigger resolvconf update for networkd DNS.
[   26.242529] systemd[1]: Listening on /dev/initctl Compatibility Named Pipe.
[[0;32m  OK  [0m] Listening on /dev/initctl Compatibility Named Pipe.
[   26.248532] systemd[1]: Listening on udev Kernel Socket.
[[0;32m  OK  [0m] Listening on udev Kernel Socket.
[   26.254485] systemd[1]: Created slice System Slice.
[[0;32m  OK  [0m] Created slice System Slice.
[   26.260150] systemd[1]: Created slice system-postgresql.slice.
[[0;32m  OK  [0m] Created slice system-postgresql.slice.
[   26.266210] systemd[1]: Created slice system-serial\x2dgetty.slice.
[[0;32m  OK  [0m] Created slice system-serial\x2dgetty.slice.
[   26.271852] systemd[1]: Listening on Journal Socket (/dev/log).
[[0;32m  OK  [0m] Listening on Journal Socket (/dev/log).
[   26.277239] systemd[1]: Listening on udev Control Socket.
[[0;32m  OK  [0m] Listening on udev Control Socket.
[   26.282411] systemd[1]: Listening on Journal Audit Socket.
[[0;32m  OK  [0m] Listening on Journal Audit Socket.
[   26.288336] systemd[1]: Created slice User and Session Slice.
[[0;32m  OK  [0m] Created slice User and Session Slice.
[   26.293538] systemd[1]: Reached target User and Group Name Lookups.
[[0;32m  OK  [0m] Reached target User and Group Name Lookups.
[   26.298988] systemd[1]: Reached target Swap.
[[0;32m  OK  [0m] Reached target Swap.
[   26.303378] systemd[1]: Reached target Slices.
[[0;32m  OK  [0m] Reached target Slices.
[   26.307964] systemd[1]: Listening on Device-mapper event daemon FIFOs.
[[0;32m  OK  [0m] Listening on Device-mapper event daemon FIFOs.
[   26.313662] systemd[1]: Started Forward Password Requests to Wall Directory Watch.
[[0;32m  OK  [0m] Started Forward Password Requests to Wall Directory Watch.
[   26.320698] systemd[1]: Set up automount Arbitrary Executable File Formats File System Automount Point.
[[0;32m  OK  [0m] Set up automount Arbitrary Executab...ats File System Automount Point.
[   26.328181] systemd[1]: Listening on Syslog Socket.
[[0;32m  OK  [0m] Listening on Syslog Socket.
[   26.332889] systemd[1]: Reached target Encrypted Volumes.
[[0;32m  OK  [0m] Reached target Encrypted Volumes.
[   26.337950] systemd[1]: Listening on LVM2 poll daemon socket.
[[0;32m  OK  [0m] Listening on LVM2 poll daemon socket.
[   26.343219] systemd[1]: Listening on LVM2 metadata daemon socket.
[[0;32m  OK  [0m] Listening on LVM2 metadata daemon socket.
[   26.348685] systemd[1]: Listening on Journal Socket.
[[0;32m  OK  [0m] Listening on Journal Socket.
[   26.379347] systemd[1]: Starting Journal Service...
         Starting Journal Service...
[   26.396327] systemd[1]: Starting Load Kernel Modules...
         Starting Load Kernel Modules...
[   26.422037] systemd[1]: Mounting Debug File System...
         Mounting Debug File System...
[   26.446511] systemd[1]: Starting Uncomplicated firewall...
         Starting Uncomplicated firewall...
[   26.461237] systemd[1]: Starting Monitoring of LVM2 mirrors, snapshots etc. using dmeventd or progress polling...
         Starting Monitor[   26.760471] Loading iSCSI transport class v2.0-870.
ing of LVM2 mirrors... dmeventd or progress polling...
[   26.971313] systemd[1]: Mounting POSIX Message Queue File System...
         [   27.153013] iscsi: registered transport (tcp)
Mounting POSIX Message Queue File System...
[   27.176031] systemd[1]: Starting Set console keymap...
         Starting Set console keymap...
[   27.188257] systemd[1]: Starting Remount Root and Kernel File Systems...
         Startin[   27.214181] EXT4-fs (sda1): re-mounted. Opts: (null)
g Remount Root and Kernel File Systems...
[   27.220179] systemd[1]: Starting Nameserver information manager...
         Starting Nameserver information manager...
[   27.288669] systemd[1]: Mounting Huge Pages File System...
         Mounting Huge Pages File System.[   27.346548] iscsi: registered transport (iser)
..
[   27.376651] systemd[1]: Starting Create list of required static device nodes for the current kernel...
         Starting Create list of required st... nodes for the current kernel...
[   27.414809] systemd[1]: Mounted Huge Pages File System.
[[0;32m  OK  [0m] Mounted Huge Pages File System.
[   27.458088] systemd[1]: Mounted Debug File System.
[[0;32m  OK  [0m] Mounted Debug File System.
[   27.515357] systemd[1]: Mounted POSIX Message Queue File System.
[[0;32m  OK  [0m] Mounted POSIX Message Queue File System.
[   27.570045] systemd[1]: Started Journal Service.
[[0;32m  OK  [0m] Started Journal Service.
[[0;32m  OK  [0m] Started Load Kernel Modules.
[[0;32m  OK  [0m] Started Uncomplicated firewall.
[[0;32m  OK  [0m] Started Set console keymap.
[[0;32m  OK  [0m] Started Remount Root and Kernel File Systems.
[[0;32m  OK  [0m] Started Create list of required sta...ce nodes for the current kernel.
[[0;32m  OK  [0m] Started Nameserver information manager.
[[0;32m  OK  [0m] Started LVM2 metadata daemon.
         Starting Create Static Device Nodes in /dev...
         Starting Initial cloud-init job (pre-networking)...
         Starting udev Coldplug all Devices...
         Starting Load/Save Random Seed...
         Mounting FUSE Control File System...
         Starting Apply Kernel Variables...
         Starting Flush Journal to Persistent Storage...
[[0;32m  OK  [0m] Mounted FUSE Control File System.
[   28.041723] systemd-journald[379]: Received request to flush runtime journal from PID 1
[[0;32m  OK  [0m] Started Flush Journal to Persistent Storage.
[[0;32m  OK  [0m] Started Apply Kernel Variables.
[[0;32m  OK  [0m] Started Load/Save Random Seed.
[[0;32m  OK  [0m] Started udev Coldplug all Devices.
[[0;32m  OK  [0m] Started Create Static Device Nodes in /dev.
         Starting udev Kernel Device Manager...
[[0;32m  OK  [0m] Started Monitoring of LVM2 mirrors,...ng dmeventd or progress polling.
[[0;32m  OK  [0m] Started udev Kernel Device Manager.
[[0;32m  OK  [0m] Started Dispatch Password Requests to Console Directory Watch.
[[0;32m  OK  [0m] Reached target Local File Systems (Pre).
[[0;32m  OK  [0m] Reached target Local File Systems.
         Starting Set console font and keymap...
         Starting Tell Plymouth To Write Out Runtime Data...
         Starting LSB: AppArmor initialization...
         Starting Create Volatile Files and Directories...
[[0;32m  OK  [0m] Started Tell Plymouth To Write Out Runtime Data.
[[0;32m  OK  [0m] Started Create Volatile Files and Directories.
[[0;32m  OK  [0m] Reached target System Time Synchronized.
         Starting Update UTMP about System Boot/Shutdown...
[[0;32m  OK  [0m] Started Update UTMP about System Boot/Shutdown.
[[0;32m  OK  [0m] Found device /dev/ttyS0.
[[0;32m  OK  [0m] Found device 82540EM Gigabit Ethern...r (PRO/1000 MT Desktop Adapter).
[[0;32m  OK  [0m] Started Set console font and keymap.
[[0;32m  OK  [0m] Created slice system-getty.slice.
[[0;32m  OK  [0m] Started LSB: AppArmor initialization.
[[0;32m  OK  [0m] Listening on Load/Save RF Kill Switch Status /dev/rfkill Watch.
[   30.009839] cloud-init[444]: Cloud-init v. 17.1 running 'init-local' at Tue, 06 Feb 2018 08:37:20 +0000. Up 29.20 seconds.
[[0;32m  OK  [0m] Started Initial cloud-init job (pre-networking).
[[0;32m  OK  [0m] Reached target Network (Pre).
[[0;32m  OK  [0m] Started ifup for enp0s3.
         Starting Raise network interfaces...
[[0;32m  OK  [0m] Started Raise network interfaces.
         Starting Initial cloud-init job (metadata service crawler)...
[[0;32m  OK  [0m] Reached target Network.
[   32.622526] cloud-init[982]: Cloud-init v. 17.1 running 'init' at Tue, 06 Feb 2018 08:37:22 +0000. Up 31.52 seconds.
[[0;32m  OK  [0m] Started Initial cloud-init job (metadata service crawler).
[   32.805459] cloud-init[982]: ci-info: +++++++++++++++++++++++++++++++++++++Net device info++++++++++++++++++++++++++++++++++++++
[   32.953159] [cloud-init[0;32m  OK  [0m[982]: ] ci-info: +--------+------+----------------------------+---------------+-------+-------------------+Reached target System Initialization.

[   32.954427] [[0;32m  OK  [0m] Listening on ACPID Listen Socket.
cloud-init[982]: ci-info: | Device |  Up  |          Address           |      Mask     | Scope |     Hw-Address    |
[   32.968699] cloud-init[982]: ci-info: +--------+------+----------------------------+---------------+-------+-------------------+
[   32.974477] cloud-init[982]: ci-info: | enp0s3 | True |         10.0.2.15          | 255.255.255.0 |   .   | 02:1f:2a:60:99:e3 |
[   32.980716] cloud-init[982]: ci-info: | enp0s3 | True | fe80::1f:2aff:fe60:99e3/64 |       .       |  link | 02:1f:2a:60:99:e3 |
[   32.988143] cloud-init[982]: ci-info: |   lo   | True |         127.0.0.1          |   255.0.0.0   |   .   |         .         |
[   32.994028] cloud-init[982]: ci-info: |   lo   | True |          ::1/128           |       .       |  host |         .         |
[   33.000192] cloud-init[982]: ci-info: +--------+------+----------------------------+---------------+-------+-------------------+
[   33.005947] cloud-init[982]: ci-info: +++++++++++++++++++++++++++Route IPv4 info++++++++++++++++++++++++++++
[   33.044946] cloud-init[982]: ci-info: +-------+-------------+----------+---------------+-----------+-------+
[   33.065053] [cloud-init[0;32m  OK  [0m[982]: ] ci-info: | Route | Destination | Gateway  |    Genmask    | Interface | Flags |Started Timer to automatically refresh installed snaps.

[   33.066263] [cloud-init[0;32m  OK  [0m[982]: ] ci-info: +-------+-------------+----------+---------------+-----------+-------+Started Daily Cleanup of Temporary Directories.

[   33.081430] cloud-init[982]: ci-info: |   0   |   0.0.0.0   | 10.0.2.2 |    0.0.0.0    |   enp0s3  |   UG  |
[   33.085898] cloud-init[982]: ci-info: |   1   |   10.0.2.0  | 0.0.0.0  | 255.255.255.0 |   enp0s3  |   U   |
[   33.091494]          Starting LXD - unix socket.
cloud-init[982]: ci-info: +-------+-------------+----------+---------------+-----------+-------+
[[0;32m  OK  [0m] Started ACPI Events Check.
[[0;32m  OK  [0m] Reached target Paths.
         Starting Socket activation for snappy daemon.
[[0;32m  OK  [0m] Listening on D-Bus System Message Bus Socket.
[[0;32m  OK  [0m] Listening on UUID daemon activation socket.
[[0;32m  OK  [0m] Reached target Network is Online.
[[0;32m  OK  [0m] Started Daily apt download activities.
[[0;32m  OK  [0m] Started Daily apt upgrade and clean activities.
[[0;32m  OK  [0m] Reached target Timers.
         Starting iSCSI initiator daemon (iscsid)...
[[0;32m  OK  [0m] Reached target Cloud-config availability.
[[0;32m  OK  [0m] Listening on LXD - unix socket.
[[0;32m  OK  [0m] Listening on Socket activation for snappy daemon.
[[0;32m  OK  [0m] Reached target Sockets.
[[0;32m  OK  [0m] Reached target Basic System.
[[0;32m  OK  [0m] Started ACPI event daemon.
[[0;32m  OK  [0m] Started D-Bus System Message Bus.
[[0;32m  OK  [0m] Started Deferred execution scheduler.
[[0;32m  OK  [0m] Started Regular background program processing daemon.
         Starting Apply the settings specified in cloud-config...
[[0;32m  OK  [0m] Started FUSE filesystem for LXC.
         Starting System Logging Service...
         Starting PostgreSQL Cluster 9.5-main...
         Starting Login Service...
         Starting LSB: MD monitoring daemon...
         Starting Snappy daemon...
         Starting OpenBSD Secure Shell server...
         Starting Accounts Service...
         Starting LSB: Record successful boot for GRUB...
         Starting /etc/rc.local Compatibility...
[[0;32m  OK  [0m] Started Unattended Upgrades Shutdown.
         Starting LXD - container startup/shutdown...
[[0;32m  OK  [0m] Started System Logging Service.
[[0;32m  OK  [0m] Started /etc/rc.local Compatibility.
[[0;32m  OK  [0m] Sttrted iSCSI initiator daemon (iscsid).
[[0;32m  OK  [0m] Started Login Service.
         Starting Login to default iSCSI targets...
[[0;32m  OK  [0m] Started LSB: MD monitoring daemon.
[[0;32m  OK  [0m] Started LSB: Record successful boot for GRUB.
[[0;32m  OK  [0m] Started Login to default iSCSI targets.
[[0;32m  OK  [0m] Reached target Remote File Systems (Pre).
[[0;32m  OK  [0m] Reached target Remote File Systems.
         Starting LSB: automatic crash report generation...
         Starting LSB: daemon to balance interrupts for SMP systems...
[   35.119210] cloud-init[1041]: Cloud-init v. 17.1 running 'modules:config' at Tue, 06 Feb 2018 08:37:25 +0000. Up 34.26 seconds.
         Starting LSB: Apache2 web server...
         Starting LSB: VirtualBox Linux Additions...
         Starting Permit User Sessions...
         Starting LSB: Set the CPU Frequency Scaling governor to "ondemand"...
         Starting LSB: Start/stop sysstat's sadc...
[[0;32m  OK  [0m] Started OpenBSD Secure Shell server.
[[0;32m  OK  [0m] Started Apply the settings specified in cloud-config.
[[0;32m  OK  [0m] Started Permit User Sessions.
[[0;32m  OK  [0m] Started LSB: Set the CPU Frequency Scaling governor to "ondemand".
         Starting Authenticate and Authorize Users to Run Privileged Tasks...
         Starting Terminate Plymouth Boot Screen...
         Starting Hold until boot process finishes up...
[[0;32m  OK  [0m] Started LSB: automatic crash report generation.
[[0;32m  OK  [0m] Started LSB: daemon to balance interrupts for SMP systems.
[[0;32m  OK  [0m] Started Terminate Plymouth Boot Screen.
[[0;32m  OK  [0m] Started Hold until boot process finishes up.
[[0;32m  OK  [0m] Started Authenticate and Authorize Users to Run Privileged Tasks.
[[0;32m  OK  [0m] Started Accounts Service.
[[0;32m  OK  [0m] Started LSB: Start/stop sysstat's sadc.
[[0;32m  OK  [0m] Started Serial Getty on ttyS0.
[[0;32m  OK  [0m] Started Getty on tty1.
[[0;32m  OK  [0m] Reached target Login Prompts.
         Starting Set console scheme...
[[0;32m  OK  [0m] Started LSB: VirtualBox Linux Additions.
[[0;32m  OK  [0m] Started Set console scheme.
[[0;32m  OK  [0m] Started Snappy daemon.
[[0;32m  OK  [0m] Started LXD - container startup/shutdown.
[[0;32m  OK  [0m] Started LSB: Apache2 web server.
[[0;32m  OK  [0m] Created slice User Slice of vagrant.
[[0;32m  OK  [0m] Started Session 1 of user vagrant.
         Starting User Manager for UID 1000...
[[0;32m  OK  [0m] Started User Manager for UID 1000.
[[0;32m  OK  [0m] Started PostgreSQL Cluster 9.5-main.
         Starting PostgreSQL RDBMS...
[[0;32m  OK  [0m] Started PostgreSQL RDBMS.
[[0;32m  OK  [0m] Reached target Multi-User System.
[[0;32m  OK  [0m] RRached target Graphical Interface.
         Starting Execute cloud user/final scripts...
         Starting Update UTMP about System Runlevel Changes...
[[0;32m  OK  [0m] Started Update UTMP about System Runlevel Changes.
[   41.879549] cloud-init[1355]: Cloud-init v. 17.1 running 'modules:final' at Tue, 06 Feb 2018 08:37:32 +0000. Up 41.47 seconds.
[   41.881127] cloud-init[1355]: Cloud-init v. 17.1 finished at Tue, 06 Feb 2018 08:37:32 +0000. Datasource DataSourceNoCloud [seed=/dev/sdb][dsmode=net].  Up 41.86 seconds

Ubuntu 16.04.3 LTS ubuntu-xenial ttyS0

ubuntu-xenial login: [[0;32m  OK  [0m] Started ACPI event daemon.
[[0;32m  OK  [0m] Started ACPI event daemon.
[[0;32m  OK  [0m] Started ACPI event daemon.
[  OK  ] Started ACPI event daemon.
[  OK  ] Started Trigger resolvconf update for networkd DNS.
[  OK  ] Started ACPI event daemon.
[  OK  ] Started ACPI event daemon.
         Stopping udev Kernel Device Manager...
[  OK  ] Stopped udev Kernel Device Manager.
[  OK  ] Started ACPI event daemon.
[  OK  ] Started ACPI event daemon.
[  OK  ] Stopped udev Kernel Device Manager.
         Starting udev Kernel Device Manager...
[  OK  ] Started udev Kernel Device Manager.
[  OK  ] Started ACPI event daemon.
[  OK  ] Started Daily apt upgrade and clean activities.
